C:\Users\int172\Downloads\Desktop\Udemy_Project_Api-master\project\udemy\dist\out-tsc\e2e\src\app.po.js
C:\Users\int172\Downloads\Desktop\Udemy_Project_Api-master\project\udemy\dist\out-tsc\e2e\src\app.po.js.map
C:\Users\int172\Downloads\Desktop\Udemy_Project_Api-master\project\udemy\dist\out-tsc\e2e\src\app.e2e-spec.js
C:\Users\int172\Downloads\Desktop\Udemy_Project_Api-master\project\udemy\dist\out-tsc\e2e\src\app.e2e-spec.js.map
C:\Users\int172\Downloads\Desktop\Udemy_Project_Api-master\project\udemy\dist\out-tsc\src\app\_services\alert.service.js
C:\Users\int172\Downloads\Desktop\Udemy_Project_Api-master\project\udemy\dist\out-tsc\src\app\_services\alert.service.js.map
C:\Users\int172\Downloads\Desktop\Udemy_Project_Api-master\project\udemy\dist\out-tsc\src\app\_models\user.js
C:\Users\int172\Downloads\Desktop\Udemy_Project_Api-master\project\udemy\dist\out-tsc\src\app\_models\user.js.map
C:\Users\int172\Downloads\Desktop\Udemy_Project_Api-master\project\udemy\dist\out-tsc\src\app\_models\index.js
C:\Users\int172\Downloads\Desktop\Udemy_Project_Api-master\project\udemy\dist\out-tsc\src\app\_models\index.js.map
C:\Users\int172\Downloads\Desktop\Udemy_Project_Api-master\project\udemy\dist\out-tsc\src\app\_services\authentication.service.js
C:\Users\int172\Downloads\Desktop\Udemy_Project_Api-master\project\udemy\dist\out-tsc\src\app\_services\authentication.service.js.map
C:\Users\int172\Downloads\Desktop\Udemy_Project_Api-master\project\udemy\dist\out-tsc\src\app\_services\user.service.js
C:\Users\int172\Downloads\Desktop\Udemy_Project_Api-master\project\udemy\dist\out-tsc\src\app\_services\user.service.js.map
C:\Users\int172\Downloads\Desktop\Udemy_Project_Api-master\project\udemy\dist\out-tsc\src\app\_services\index.js
C:\Users\int172\Downloads\Desktop\Udemy_Project_Api-master\project\udemy\dist\out-tsc\src\app\_services\index.js.map
C:\Users\int172\Downloads\Desktop\Udemy_Project_Api-master\project\udemy\dist\out-tsc\src\app\_helpers\error.interceptor.js
C:\Users\int172\Downloads\Desktop\Udemy_Project_Api-master\project\udemy\dist\out-tsc\src\app\_helpers\error.interceptor.js.map
C:\Users\int172\Downloads\Desktop\Udemy_Project_Api-master\project\udemy\dist\out-tsc\src\app\_helpers\jwt.interceptor.js
C:\Users\int172\Downloads\Desktop\Udemy_Project_Api-master\project\udemy\dist\out-tsc\src\app\_helpers\jwt.interceptor.js.map
C:\Users\int172\Downloads\Desktop\Udemy_Project_Api-master\project\udemy\dist\out-tsc\src\app\_helpers\fake-backend.js
C:\Users\int172\Downloads\Desktop\Udemy_Project_Api-master\project\udemy\dist\out-tsc\src\app\_helpers\fake-backend.js.map
C:\Users\int172\Downloads\Desktop\Udemy_Project_Api-master\project\udemy\dist\out-tsc\src\app\_helpers\index.js
C:\Users\int172\Downloads\Desktop\Udemy_Project_Api-master\project\udemy\dist\out-tsc\src\app\_helpers\index.js.map
C:\Users\int172\Downloads\Desktop\Udemy_Project_Api-master\project\udemy\dist\out-tsc\src\app\home\home.component.js
C:\Users\int172\Downloads\Desktop\Udemy_Project_Api-master\project\udemy\dist\out-tsc\src\app\home\home.component.js.map
C:\Users\int172\Downloads\Desktop\Udemy_Project_Api-master\project\udemy\dist\out-tsc\src\app\home\index.js
C:\Users\int172\Downloads\Desktop\Udemy_Project_Api-master\project\udemy\dist\out-tsc\src\app\home\index.js.map
C:\Users\int172\Downloads\Desktop\Udemy_Project_Api-master\project\udemy\dist\out-tsc\src\app\login\login.component.js
C:\Users\int172\Downloads\Desktop\Udemy_Project_Api-master\project\udemy\dist\out-tsc\src\app\login\login.component.js.map
C:\Users\int172\Downloads\Desktop\Udemy_Project_Api-master\project\udemy\dist\out-tsc\src\app\login\index.js
C:\Users\int172\Downloads\Desktop\Udemy_Project_Api-master\project\udemy\dist\out-tsc\src\app\login\index.js.map
C:\Users\int172\Downloads\Desktop\Udemy_Project_Api-master\project\udemy\dist\out-tsc\src\app\register\register.component.js
C:\Users\int172\Downloads\Desktop\Udemy_Project_Api-master\project\udemy\dist\out-tsc\src\app\register\register.component.js.map
C:\Users\int172\Downloads\Desktop\Udemy_Project_Api-master\project\udemy\dist\out-tsc\src\app\register\index.js
C:\Users\int172\Downloads\Desktop\Udemy_Project_Api-master\project\udemy\dist\out-tsc\src\app\register\index.js.map
C:\Users\int172\Downloads\Desktop\Udemy_Project_Api-master\project\udemy\dist\out-tsc\src\app\_guards\auth.guard.js
C:\Users\int172\Downloads\Desktop\Udemy_Project_Api-master\project\udemy\dist\out-tsc\src\app\_guards\auth.guard.js.map
C:\Users\int172\Downloads\Desktop\Udemy_Project_Api-master\project\udemy\dist\out-tsc\src\app\_guards\index.js
C:\Users\int172\Downloads\Desktop\Udemy_Project_Api-master\project\udemy\dist\out-tsc\src\app\_guards\index.js.map
C:\Users\int172\Downloads\Desktop\Udemy_Project_Api-master\project\udemy\dist\out-tsc\src\app\_services\courses.service.js
C:\Users\int172\Downloads\Desktop\Udemy_Project_Api-master\project\udemy\dist\out-tsc\src\app\_services\courses.service.js.map
C:\Users\int172\Downloads\Desktop\Udemy_Project_Api-master\project\udemy\dist\out-tsc\src\app\courses\courses.component.js
C:\Users\int172\Downloads\Desktop\Udemy_Project_Api-master\project\udemy\dist\out-tsc\src\app\courses\courses.component.js.map
C:\Users\int172\Downloads\Desktop\Udemy_Project_Api-master\project\udemy\dist\out-tsc\src\app\app-routing.module.js
C:\Users\int172\Downloads\Desktop\Udemy_Project_Api-master\project\udemy\dist\out-tsc\src\app\app-routing.module.js.map
C:\Users\int172\Downloads\Desktop\Udemy_Project_Api-master\project\udemy\dist\out-tsc\src\app\app.component.js
C:\Users\int172\Downloads\Desktop\Udemy_Project_Api-master\project\udemy\dist\out-tsc\src\app\app.component.js.map
C:\Users\int172\Downloads\Desktop\Udemy_Project_Api-master\project\udemy\dist\out-tsc\src\app\navbar\navbar.component.js
C:\Users\int172\Downloads\Desktop\Udemy_Project_Api-master\project\udemy\dist\out-tsc\src\app\navbar\navbar.component.js.map
C:\Users\int172\Downloads\Desktop\Udemy_Project_Api-master\project\udemy\dist\out-tsc\src\app\carousel\carousel.component.js
C:\Users\int172\Downloads\Desktop\Udemy_Project_Api-master\project\udemy\dist\out-tsc\src\app\carousel\carousel.component.js.map
C:\Users\int172\Downloads\Desktop\Udemy_Project_Api-master\project\udemy\dist\out-tsc\src\app\_components\alert.component.js
C:\Users\int172\Downloads\Desktop\Udemy_Project_Api-master\project\udemy\dist\out-tsc\src\app\_components\alert.component.js.map
C:\Users\int172\Downloads\Desktop\Udemy_Project_Api-master\project\udemy\dist\out-tsc\src\app\_components\index.js
C:\Users\int172\Downloads\Desktop\Udemy_Project_Api-master\project\udemy\dist\out-tsc\src\app\_components\index.js.map
C:\Users\int172\Downloads\Desktop\Udemy_Project_Api-master\project\udemy\dist\out-tsc\src\app\card\card.component.js
C:\Users\int172\Downloads\Desktop\Udemy_Project_Api-master\project\udemy\dist\out-tsc\src\app\card\card.component.js.map
C:\Users\int172\Downloads\Desktop\Udemy_Project_Api-master\project\udemy\dist\out-tsc\src\app\app.module.js
C:\Users\int172\Downloads\Desktop\Udemy_Project_Api-master\project\udemy\dist\out-tsc\src\app\app.module.js.map
C:\Users\int172\Downloads\Desktop\Udemy_Project_Api-master\project\udemy\dist\out-tsc\src\environments\environment.js
C:\Users\int172\Downloads\Desktop\Udemy_Project_Api-master\project\udemy\dist\out-tsc\src\environments\environment.js.map
C:\Users\int172\Downloads\Desktop\Udemy_Project_Api-master\project\udemy\dist\out-tsc\src\main.js
C:\Users\int172\Downloads\Desktop\Udemy_Project_Api-master\project\udemy\dist\out-tsc\src\main.js.map
C:\Users\int172\Downloads\Desktop\Udemy_Project_Api-master\project\udemy\dist\out-tsc\src\polyfills.js
C:\Users\int172\Downloads\Desktop\Udemy_Project_Api-master\project\udemy\dist\out-tsc\src\polyfills.js.map
C:\Users\int172\Downloads\Desktop\Udemy_Project_Api-master\project\udemy\dist\out-tsc\src\test.js
C:\Users\int172\Downloads\Desktop\Udemy_Project_Api-master\project\udemy\dist\out-tsc\src\test.js.map
C:\Users\int172\Downloads\Desktop\Udemy_Project_Api-master\project\udemy\dist\out-tsc\src\app\card\card.component.spec.js
C:\Users\int172\Downloads\Desktop\Udemy_Project_Api-master\project\udemy\dist\out-tsc\src\app\card\card.component.spec.js.map
C:\Users\int172\Downloads\Desktop\Udemy_Project_Api-master\project\udemy\dist\out-tsc\src\app\carousel\carousel.component.spec.js
C:\Users\int172\Downloads\Desktop\Udemy_Project_Api-master\project\udemy\dist\out-tsc\src\app\carousel\carousel.component.spec.js.map
C:\Users\int172\Downloads\Desktop\Udemy_Project_Api-master\project\udemy\dist\out-tsc\src\app\courses\courses.component.spec.js
C:\Users\int172\Downloads\Desktop\Udemy_Project_Api-master\project\udemy\dist\out-tsc\src\app\courses\courses.component.spec.js.map
C:\Users\int172\Downloads\Desktop\Udemy_Project_Api-master\project\udemy\dist\out-tsc\src\app\home\home.component.spec.js
C:\Users\int172\Downloads\Desktop\Udemy_Project_Api-master\project\udemy\dist\out-tsc\src\app\home\home.component.spec.js.map
C:\Users\int172\Downloads\Desktop\Udemy_Project_Api-master\project\udemy\dist\out-tsc\src\app\login\login.component.spec.js
C:\Users\int172\Downloads\Desktop\Udemy_Project_Api-master\project\udemy\dist\out-tsc\src\app\login\login.component.spec.js.map
C:\Users\int172\Downloads\Desktop\Udemy_Project_Api-master\project\udemy\dist\out-tsc\src\app\navbar\navbar.component.spec.js
C:\Users\int172\Downloads\Desktop\Udemy_Project_Api-master\project\udemy\dist\out-tsc\src\app\navbar\navbar.component.spec.js.map
C:\Users\int172\Downloads\Desktop\Udemy_Project_Api-master\project\udemy\dist\out-tsc\src\app\register\register.component.spec.js
C:\Users\int172\Downloads\Desktop\Udemy_Project_Api-master\project\udemy\dist\out-tsc\src\app\register\register.component.spec.js.map
C:\Users\int172\Downloads\Desktop\Udemy_Project_Api-master\project\udemy\dist\out-tsc\src\environments\environment.prod.js
C:\Users\int172\Downloads\Desktop\Udemy_Project_Api-master\project\udemy\dist\out-tsc\src\environments\environment.prod.js.map
